"../../../../../../Users/Neesarg Banglawala/Developer/UE4 Jam/RopeWalk/Content/DataStructures/BooleanStructure.uasset" 0
"../../../../../../Users/Neesarg Banglawala/Developer/UE4 Jam/RopeWalk/Content/DataTables/BenMovement_Bools.uasset" 1
"../../../../../../Users/Neesarg Banglawala/Developer/UE4 Jam/RopeWalk/Content/DataStructures/FloatStructure.uasset" 2
"../../../../../../Users/Neesarg Banglawala/Developer/UE4 Jam/RopeWalk/Content/DataTables/BenMovement_Floats.uasset" 3
"../../../../../../Users/Neesarg Banglawala/Developer/UE4 Jam/RopeWalk/Content/BenPlayerController.uasset" 4
"../../../../../../Users/Neesarg Banglawala/Developer/UE4 Jam/RopeWalk/Content/Assets/AnimationRig/Walk_Slow_Skeleton.uasset" 5
"../../../../../../Users/Neesarg Banglawala/Developer/UE4 Jam/RopeWalk/Content/Assets/AnimationRig/Idle.uasset" 6
"../../../../../../Users/Neesarg Banglawala/Developer/UE4 Jam/RopeWalk/Content/Assets/AnimationRig/Stationary_Off_Balance_Left.uasset" 7
"../../../../../../Users/Neesarg Banglawala/Developer/UE4 Jam/RopeWalk/Content/Assets/AnimationRig/Stationary_Off_Balance_Right.uasset" 8
"../../../../../../Users/Neesarg Banglawala/Developer/UE4 Jam/RopeWalk/Content/Assets/AnimationRig/Walk_Off_Balance_Left.uasset" 9
"../../../../../../Users/Neesarg Banglawala/Developer/UE4 Jam/RopeWalk/Content/Assets/AnimationRig/Walk_Off_Balance_Right.uasset" 10
"../../../../../../Users/Neesarg Banglawala/Developer/UE4 Jam/RopeWalk/Content/Assets/AnimationRig/Walk_Slow_Anim.uasset" 11
"../../../Engine/Content/EditorBlueprintResources/StandardMacros.uasset" 12
"../../../../../../Users/Neesarg Banglawala/Developer/UE4 Jam/RopeWalk/Content/DataTables/Ben-2/Ben-2-AnimationVariables.uasset" 13
"../../../../../../Users/Neesarg Banglawala/Developer/UE4 Jam/RopeWalk/Content/Sounds/LoseBalance_SFX.uasset" 14
"../../../../../../Users/Neesarg Banglawala/Developer/UE4 Jam/RopeWalk/Content/Blueprints/BenMovementAnimation.uasset" 15
"../../../../../../Users/Neesarg Banglawala/Developer/UE4 Jam/RopeWalk/Content/Assets/Materials/WineTex.uasset" 16
"../../../../../../Users/Neesarg Banglawala/Developer/UE4 Jam/RopeWalk/Content/Assets/Materials/Master_Mat.uasset" 17
"../../../../../../Users/Neesarg Banglawala/Developer/UE4 Jam/RopeWalk/Content/Assets/Materials/Orange_Carton.uasset" 18
"../../../../../../Users/Neesarg Banglawala/Developer/UE4 Jam/RopeWalk/Content/Assets/Materials/MI_OrangeJuice.uasset" 19
"../../../../../../Users/Neesarg Banglawala/Developer/UE4 Jam/RopeWalk/Content/Assets/Materials/Pizza_Box.uasset" 20
"../../../../../../Users/Neesarg Banglawala/Developer/UE4 Jam/RopeWalk/Content/Assets/Materials/MI_PizzaBox.uasset" 21
"../../../../../../Users/Neesarg Banglawala/Developer/UE4 Jam/RopeWalk/Content/Assets/Materials/Water_6_pack.uasset" 22
"../../../../../../Users/Neesarg Banglawala/Developer/UE4 Jam/RopeWalk/Content/Assets/Materials/MI_WaterBottle.uasset" 23
"../../../../../../Users/Neesarg Banglawala/Developer/UE4 Jam/RopeWalk/Content/Assets/Materials/Watermelon.uasset" 24
"../../../../../../Users/Neesarg Banglawala/Developer/UE4 Jam/RopeWalk/Content/Assets/Materials/MI_Watermelon.uasset" 25
"../../../Engine/Content/Functions/Engine_MaterialFunctions01/Opacity/CameraDepthFade.uasset" 26
"../../../Engine/Content/EngineMaterials/T_Default_Material_Grid_M.uasset" 27
"../../../Engine/Content/EngineMaterials/T_Default_Material_Grid_N.uasset" 28
"../../../Engine/Content/EngineMaterials/WorldGridMaterial.uasset" 29
"../../../../../../Users/Neesarg Banglawala/Developer/UE4 Jam/RopeWalk/Content/Assets/Models/Orange_Carton.uasset" 30
"../../../../../../Users/Neesarg Banglawala/Developer/UE4 Jam/RopeWalk/Content/Assets/Models/Pizza_Box.uasset" 31
"../../../../../../Users/Neesarg Banglawala/Developer/UE4 Jam/RopeWalk/Content/Assets/Models/Water_6_Pack.uasset" 32
"../../../../../../Users/Neesarg Banglawala/Developer/UE4 Jam/RopeWalk/Content/Assets/Models/Watermelon.uasset" 33
"../../../../../../Users/Neesarg Banglawala/Developer/UE4 Jam/RopeWalk/Content/Blueprints/GroceryStackLeft.uasset" 34
"../../../../../../Users/Neesarg Banglawala/Developer/UE4 Jam/RopeWalk/Content/Assets/Materials/Microwave.uasset" 35
"../../../../../../Users/Neesarg Banglawala/Developer/UE4 Jam/RopeWalk/Content/Assets/Materials/MI_Microwave.uasset" 36
"../../../../../../Users/Neesarg Banglawala/Developer/UE4 Jam/RopeWalk/Content/Assets/Materials/Toilet_Roll.uasset" 37
"../../../../../../Users/Neesarg Banglawala/Developer/UE4 Jam/RopeWalk/Content/Assets/Materials/MI_Toilet_Roll.uasset" 38
"../../../../../../Users/Neesarg Banglawala/Developer/UE4 Jam/RopeWalk/Content/Assets/Materials/MI_Wine.uasset" 39
"../../../../../../Users/Neesarg Banglawala/Developer/UE4 Jam/RopeWalk/Content/Assets/Models/Microwave.uasset" 40
"../../../../../../Users/Neesarg Banglawala/Developer/UE4 Jam/RopeWalk/Content/Assets/Models/Toilet_Roll.uasset" 41
"../../../../../../Users/Neesarg Banglawala/Developer/UE4 Jam/RopeWalk/Content/Assets/Models/Wine.uasset" 42
"../../../../../../Users/Neesarg Banglawala/Developer/UE4 Jam/RopeWalk/Content/Blueprints/GroceryStackRight.uasset" 43
"../../../../../../Users/Neesarg Banglawala/Developer/UE4 Jam/RopeWalk/Content/Blueprints/RopeSpline.uasset" 44
"../../../../../../Users/Neesarg Banglawala/Developer/UE4 Jam/RopeWalk/Content/DataTables/Ben-2/Ben-2-MovementForces.uasset" 45
"../../../../../../Users/Neesarg Banglawala/Developer/UE4 Jam/RopeWalk/Content/Assets/AnimationRig/13_-_Default.uasset" 46
"../../../../../../Users/Neesarg Banglawala/Developer/UE4 Jam/RopeWalk/Content/Assets/AnimationRig/Material__38.uasset" 47
"../../../../../../Users/Neesarg Banglawala/Developer/UE4 Jam/RopeWalk/Content/Assets/AnimationRig/Material__39.uasset" 48
"../../../../../../Users/Neesarg Banglawala/Developer/UE4 Jam/RopeWalk/Content/Assets/AnimationRig/Material__40.uasset" 49
"../../../../../../Users/Neesarg Banglawala/Developer/UE4 Jam/RopeWalk/Content/Assets/AnimationRig/Material__41.uasset" 50
"../../../../../../Users/Neesarg Banglawala/Developer/UE4 Jam/RopeWalk/Content/Assets/AnimationRig/Material__43.uasset" 51
"../../../../../../Users/Neesarg Banglawala/Developer/UE4 Jam/RopeWalk/Content/Assets/AnimationRig/Walk_Slow_PhysicsAsset.uasset" 52
"../../../../../../Users/Neesarg Banglawala/Developer/UE4 Jam/RopeWalk/Content/Assets/AnimationRig/Walk_Slow.uasset" 53
"../../../../../../Users/Neesarg Banglawala/Developer/UE4 Jam/RopeWalk/Content/Assets/Images/PlayerFellScreen-BenGame.uasset" 54
"../../../../../../Users/Neesarg Banglawala/Developer/UE4 Jam/RopeWalk/Content/Widgets/BenFellOffWidget.uasset" 55
"../../../../../../Users/Neesarg Banglawala/Developer/UE4 Jam/RopeWalk/Content/Assets/Images/EndScreen-AllGroceriesLost-BenGame.uasset" 56
"../../../../../../Users/Neesarg Banglawala/Developer/UE4 Jam/RopeWalk/Content/Widgets/EndFailScreenWidget.uasset" 57
"../../../../../../Users/Neesarg Banglawala/Developer/UE4 Jam/RopeWalk/Content/Assets/Images/EndScreen-YouMadeItCount-BenGame.uasset" 58
"../../../../../../Users/Neesarg Banglawala/Developer/UE4 Jam/RopeWalk/Content/Widgets/EndWinScreenWidget.uasset" 59
"../../../../../../Users/Neesarg Banglawala/Developer/UE4 Jam/RopeWalk/Content/Blueprints/Ben-2.uasset" 60
"../../../../../../Users/Neesarg Banglawala/Developer/UE4 Jam/RopeWalk/Content/BenRopeWalkGameMode.uasset" 61
"../../../../../../Users/Neesarg Banglawala/Developer/UE4 Jam/RopeWalk/Content/Assets/Materials/MI_Yellow.uasset" 62
"../../../../../../Users/Neesarg Banglawala/Developer/UE4 Jam/RopeWalk/Content/Assets/07_-_Default_2.uasset" 63
"../../../../../../Users/Neesarg Banglawala/Developer/UE4 Jam/RopeWalk/Content/Assets/Materials/MI_Orange.uasset" 64
"../../../../../../Users/Neesarg Banglawala/Developer/UE4 Jam/RopeWalk/Content/Assets/Canyon.uasset" 65
"../../../../../../Users/Neesarg Banglawala/Developer/UE4 Jam/RopeWalk/Content/Assets/Materials/MI_Cream.uasset" 66
"../../../../../../Users/Neesarg Banglawala/Developer/UE4 Jam/RopeWalk/Content/Assets/Materials/MI_DGrey.uasset" 67
"../../../../../../Users/Neesarg Banglawala/Developer/UE4 Jam/RopeWalk/Content/Assets/Materials/MI_LGrey.uasset" 68
"../../../../../../Users/Neesarg Banglawala/Developer/UE4 Jam/RopeWalk/Content/Assets/Materials/MI_Red.uasset" 69
"../../../../../../Users/Neesarg Banglawala/Developer/UE4 Jam/RopeWalk/Content/Assets/Materials/MI_Wood.uasset" 70
"../../../../../../Users/Neesarg Banglawala/Developer/UE4 Jam/RopeWalk/Content/Assets/Models/House.uasset" 71
"../../../../../../Users/Neesarg Banglawala/Developer/UE4 Jam/RopeWalk/Content/Assets/House.uasset" 72
"../../../../../../Users/Neesarg Banglawala/Developer/UE4 Jam/RopeWalk/Content/Assets/Models/Rope.uasset" 73
"../../../../../../Users/Neesarg Banglawala/Developer/UE4 Jam/RopeWalk/Content/Assets/Rope.uasset" 74
"../../../../../../Users/Neesarg Banglawala/Developer/UE4 Jam/RopeWalk/Content/Assets/Images/BenGameThumbnail.uasset" 75
"../../../../../../Users/Neesarg Banglawala/Developer/UE4 Jam/RopeWalk/Content/Assets/Materials/MI_Beige.uasset" 76
"../../../../../../Users/Neesarg Banglawala/Developer/UE4 Jam/RopeWalk/Content/Assets/Materials/MI_Microwave2.uasset" 77
"../../../../../../Users/Neesarg Banglawala/Developer/UE4 Jam/RopeWalk/Content/Assets/Materials/MI_Rope.uasset" 78
"../../../../../../Users/Neesarg Banglawala/Developer/UE4 Jam/RopeWalk/Content/Assets/Materials/MI_White.uasset" 79
"../../../../../../Users/Neesarg Banglawala/Developer/UE4 Jam/RopeWalk/Content/Assets/Models/Character_without_rig.uasset" 80
"../../../../../../Users/Neesarg Banglawala/Developer/UE4 Jam/RopeWalk/Content/DataStructures/SwingDirection.uasset" 81
"../../../../../../Users/Neesarg Banglawala/Developer/UE4 Jam/RopeWalk/Content/Blueprints/Ben.uasset" 82
"../../../../../../Users/Neesarg Banglawala/Developer/UE4 Jam/RopeWalk/Content/Blueprints/BenOnSpline.uasset" 83
"../../../../../../Users/Neesarg Banglawala/Developer/UE4 Jam/RopeWalk/Content/Effects/Textures/Noise/T_TilingNoise12.uasset" 84
"../../../../../../Users/Neesarg Banglawala/Developer/UE4 Jam/RopeWalk/Content/Effects/Textures/Snow/T_Snow01_Packed.uasset" 85
"../../../../../../Users/Neesarg Banglawala/Developer/UE4 Jam/RopeWalk/Content/Effects/Materials/Snow/M_SnowFlake_VelocityLerp_AA.uasset" 86
"../../../../../../Users/Neesarg Banglawala/Developer/UE4 Jam/RopeWalk/Content/Effects/Textures/Noise/T_TilingNoise03.uasset" 87
"../../../../../../Users/Neesarg Banglawala/Developer/UE4 Jam/RopeWalk/Content/Effects/Textures/Smoke/T_SmokeSubUV_8X8_02.uasset" 88
"../../../../../../Users/Neesarg Banglawala/Developer/UE4 Jam/RopeWalk/Content/Effects/Textures/Smoke/T_TilingClouds_01.uasset" 89
"../../../../../../Users/Neesarg Banglawala/Developer/UE4 Jam/RopeWalk/Content/Effects/Materials/Snow/M_Snow_Blowing_Lit.uasset" 90
"../../../../../../Users/Neesarg Banglawala/Developer/UE4 Jam/RopeWalk/Content/Effects/Textures/T_SmokeBall_03_Perlin.uasset" 91
"../../../../../../Users/Neesarg Banglawala/Developer/UE4 Jam/RopeWalk/Content/Effects/Textures/T_Smoke_Dust_Base_01.uasset" 92
"../../../../../../Users/Neesarg Banglawala/Developer/UE4 Jam/RopeWalk/Content/Effects/Textures/Noise/T_HeatTile3_N.uasset" 93
"../../../../../../Users/Neesarg Banglawala/Developer/UE4 Jam/RopeWalk/Content/Effects/Textures/Noise/T_TilingNoise11.uasset" 94
"../../../../../../Users/Neesarg Banglawala/Developer/UE4 Jam/RopeWalk/Content/Effects/Textures/Noise/T_TilingNoise16.uasset" 95
"../../../../../../Users/Neesarg Banglawala/Developer/UE4 Jam/RopeWalk/Content/Geometry/Meshes/CubeMaterial.uasset" 96
"../../../../../../Users/Neesarg Banglawala/Developer/UE4 Jam/RopeWalk/Content/Geometry/Meshes/1M_Cube.uasset" 97
"../../../../../../Users/Neesarg Banglawala/Developer/UE4 Jam/RopeWalk/Content/Geometry/Meshes/1M_Cube_Chamfer.uasset" 98
"../../../../../../Users/Neesarg Banglawala/Developer/UE4 Jam/RopeWalk/Content/Geometry/Meshes/TemplateFloor.uasset" 99
"../../../../../../Users/Neesarg Banglawala/Developer/UE4 Jam/RopeWalk/Content/RollingBP/RollingOverview.uasset" 100
"../../../Engine/Content/EngineMaterials/Grid.uasset" 101
"../../../../../../Users/Neesarg Banglawala/Developer/UE4 Jam/RopeWalk/Content/Rolling/Materials/PM_Ball.uasset" 102
"../../../../../../Users/Neesarg Banglawala/Developer/UE4 Jam/RopeWalk/Content/Rolling/Materials/M_Blue_Checker.uasset" 103
"../../../../../../Users/Neesarg Banglawala/Developer/UE4 Jam/RopeWalk/Content/Rolling/Meshes/BallMesh.uasset" 104
"../../../../../../Users/Neesarg Banglawala/Developer/UE4 Jam/RopeWalk/Content/RollingBP/Blueprints/PhysicsBallBP.uasset" 105
"../../../../../../Users/Neesarg Banglawala/Developer/UE4 Jam/RopeWalk/Content/RollingBP/Blueprints/RollingGameMode.uasset" 106
"../../../../../../Users/Neesarg Banglawala/Developer/UE4 Jam/RopeWalk/Content/RollingBP/Maps/RollingBPExampleMap_BuiltData.uasset" 107
"../../../../../../Users/Neesarg Banglawala/Developer/UE4 Jam/RopeWalk/Content/Sounds/BGM.uasset" 108
"../../../../../../Users/Neesarg Banglawala/Developer/UE4 Jam/RopeWalk/Content/Sounds/March_of_the_Spoons.uasset" 109
"../../../../../../Users/Neesarg Banglawala/Developer/UE4 Jam/RopeWalk/Content/StarterContent/Maps/Advanced_Lighting_BuiltData.uasset" 110
"../../../../../../Users/Neesarg Banglawala/Developer/UE4 Jam/RopeWalk/Content/StarterContent/Maps/Minimal_Default_BuiltData.uasset" 111
"../../../../../../Users/Neesarg Banglawala/Developer/UE4 Jam/RopeWalk/Content/StarterContent/Maps/StarterMap_BuiltData.uasset" 112
"../../../Engine/Content/Animation/DefaultAnimCurveCompressionSettings.uasset" 113
"../../../Engine/Content/ArtTools/RenderToTexture/Meshes/S_1_Unit_Plane.uasset" 114
"../../../Engine/Content/EngineMaterials/DefaultMaterial.uasset" 115
"../../../Engine/Content/BasicShapes/Cone.uasset" 116
"../../../Engine/Content/BasicShapes/Cube.uasset" 117
"../../../Engine/Content/BasicShapes/Cylinder.uasset" 118
"../../../Engine/Content/BasicShapes/Plane.uasset" 119
"../../../Engine/Content/BasicShapes/Sphere.uasset" 120
"../../../Engine/Content/EditorLandscapeResources/DataLayer.uasset" 121
"../../../Engine/Content/EditorMaterials/GizmoMaterial.uasset" 122
"../../../Engine/Content/EditorMaterials/MAT_Groups_Toggle.uasset" 123
"../../../Engine/Content/EditorMaterials/MAT_Groups_Visibility.uasset" 124
"../../../Engine/Content/EditorMaterials/PreviewShadowIndicator.uasset" 125
"../../../Engine/Content/EditorMaterials/PreviewShadowIndicatorMaterial.uasset" 126
"../../../Engine/Content/EditorMaterials/MatineeGroups/MAT_ColorTrack.uasset" 127
"../../../Engine/Content/EditorMaterials/MatineeGroups/MAT_Groups_Anim.uasset" 128
"../../../Engine/Content/EditorMaterials/MatineeGroups/MAT_Groups_AudioMaster.uasset" 129
"../../../Engine/Content/EditorMaterials/MatineeGroups/MAT_Groups_Director.uasset" 130
"../../../Engine/Content/EditorMaterials/MatineeGroups/MAT_Groups_Event.uasset" 131
"../../../Engine/Content/EditorMaterials/MatineeGroups/MAT_Groups_Fade.uasset" 132
"../../../Engine/Content/EditorMaterials/MatineeGroups/MAT_Groups_Float.uasset" 133
"../../../Engine/Content/EditorMaterials/MatineeGroups/MAT_Groups_Move.uasset" 134
"../../../Engine/Content/EditorMaterials/MatineeGroups/MAT_Groups_Slomo.uasset" 135
"../../../Engine/Content/EditorMaterials/MatineeGroups/MAT_Groups_Sound.uasset" 136
"../../../Engine/Content/EditorMaterials/MatineeGroups/MAT_Groups_Vector.uasset" 137
"../../../Engine/Content/EditorMaterials/ParticleSystems/PSysThumbnail_NoImage.uasset" 138
"../../../Engine/Content/EditorMaterials/ParticleSystems/PSysThumbnail_OOD.uasset" 139
"../../../Engine/Content/EditorMaterials/Camera/CineMat.uasset" 140
"../../../Engine/Content/EditorMaterials/Camera/MI_CineMat_Rig.uasset" 141
"../../../Engine/Content/EditorMeshes/Camera/SM_CraneRig_Arm.uasset" 142
"../../../Engine/Content/EditorMeshes/Camera/SM_CraneRig_Base.uasset" 143
"../../../Engine/Content/EditorMeshes/Camera/SM_CraneRig_Body.uasset" 144
"../../../Engine/Content/EditorMeshes/Camera/SM_CraneRig_Mount.uasset" 145
"../../../Engine/Content/EditorMeshes/Camera/SM_RailRig_Mount.uasset" 146
"../../../Engine/Content/EditorMeshes/Camera/SM_RailRig_Track.uasset" 147
"../../../Engine/Content/EditorResources/BSPVertex.uasset" 148
"../../../Engine/Content/EditorResources/EmptyActor.uasset" 149
"../../../Engine/Content/EditorResources/S_Actor.uasset" 150
"../../../Engine/Content/EditorResources/S_Note.uasset" 151
"../../../Engine/Content/EditorResources/S_Trigger.uasset" 152
"../../../Engine/Content/EditorResources/AudioIcons/S_AudioComponent_AutoActivate.uasset" 153
"../../../Engine/Content/EditorResources/LightIcons/S_LightError.uasset" 154
"../../../Engine/Content/EditorResources/SequenceRecorder/Countdown.uasset" 155
"../../../Engine/Content/EditorResources/SequenceRecorder/RecordingIndicator.uasset" 156
"../../../Engine/Content/EditorSounds/Notifications/CompileFailed.uasset" 157
"../../../Engine/Content/EditorSounds/Notifications/CompileFailed_Cue.uasset" 158
"../../../Engine/Content/EditorSounds/Notifications/CompileSuccess.uasset" 159
"../../../Engine/Content/EditorSounds/Notifications/CompileStart_Cue.uasset" 160
"../../../Engine/Content/EditorSounds/Notifications/CompileSuccess_Cue.uasset" 161
"../../../Engine/Content/EngineDamageTypes/DmgTypeBP_Environmental.uasset" 162
"../../../Engine/Content/EngineDebugMaterials/HeatmapGradient.uasset" 163
"../../../Engine/Content/EngineDebugMaterials/BoneWeightMaterial.uasset" 164
"../../../Engine/Content/EngineDebugMaterials/ClothMaterial.uasset" 165
"../../../Engine/Content/EngineDebugMaterials/ClothMaterial_WF.uasset" 166
"../../../Engine/Content/EngineDebugMaterials/DebugEditorMaterial.uasset" 167
"../../../Engine/Content/EngineDebugMaterials/DebugMeshMaterial.uasset" 168
"../../../Engine/Content/EngineDebugMaterials/GeomMaterial.uasset" 169
"../../../Engine/Content/EngineDebugMaterials/M_SimpleTranslucent.uasset" 170
"../../../Engine/Content/EngineFonts/Faces/RobotoBold.uasset" 171
"../../../Engine/Content/EngineFonts/Faces/RobotoBoldItalic.uasset" 172
"../../../Engine/Content/EngineFonts/Faces/RobotoItalic.uasset" 173
"../../../Engine/Content/EngineFonts/Faces/RobotoLight.uasset" 174
"../../../Engine/Content/EngineFonts/Faces/RobotoRegular.uasset" 175
"../../../Engine/Content/EngineFonts/Roboto.uasset" 176
"../../../Engine/Content/EngineFonts/Faces/RobotoTiny.uasset" 177
"../../../Engine/Content/EngineFonts/RobotoTiny.uasset" 178
"../../../Engine/Content/EngineMaterials/BaseFlattenDiffuseMap.uasset" 179
"../../../Engine/Content/EngineMaterials/BaseFlattenEmissiveMap.uasset" 180
"../../../Engine/Content/EngineMaterials/BaseFlattenGrayscaleMap.uasset" 181
"../../../Engine/Content/EngineMaterials/BaseFlattenNormalMap.uasset" 182
"../../../Engine/Content/EngineMaterials/BaseFlattenMaterial.uasset" 183
"../../../Engine/Content/EngineMaterials/DefaultBloomKernel.uasset" 184
"../../../Engine/Content/EngineMaterials/DefaultBokeh.uasset" 185
"../../../Engine/Content/EngineMaterials/DefaultDiffuse.uasset" 186
"../../../Engine/Content/EngineMaterials/DefaultDeferredDecalMaterial.uasset" 187
"../../../Engine/Content/EngineMaterials/DefaultLightFunctionMaterial.uasset" 188
"../../../Engine/Content/EngineMaterials/DefaultPhysicalMaterial.uasset" 189
"../../../Engine/Content/Functions/Engine_MaterialFunctions02/Utility/BreakOutFloat2Components.uasset" 190
"../../../Engine/Content/EngineMaterials/DefaultPostProcessMaterial.uasset" 191
"../../../Engine/Content/EngineFonts/RobotoDistanceField.uasset" 192
"../../../Engine/Content/EngineMaterials/DefaultTextMaterialOpaque.uasset" 193
"../../../Engine/Content/EngineMaterials/DefaultWhiteGrid.uasset" 194
"../../../Engine/Content/EngineMaterials/EditorBrushMaterial.uasset" 195
"../../../Engine/Content/EngineMaterials/Good64x64TilingNoiseHighFreq.uasset" 196
"../../../Engine/Content/EngineMaterials/MiniFont.uasset" 197
"../../../Engine/Content/EngineMaterials/InvalidLightmapSettings.uasset" 198
"../../../Engine/Content/EngineMaterials/M_InvalidLightmapSettings.uasset" 199
"../../../Engine/Content/Functions/Engine_MaterialFunctions02/WorldPositionOffset/CameraOffset.uasset" 200
"../../../Engine/Content/EngineMaterials/PhAT_JointLimitMaterial.uasset" 201
"../../../Engine/Content/EngineMaterials/PreintegratedSkinBRDF.uasset" 202
"../../../Engine/Content/EngineMaterials/RemoveSurfaceMaterial.uasset" 203
"../../../Engine/Content/EngineMaterials/WeightMapPlaceholderTexture.uasset" 204
"../../../Engine/Content/EngineResources/WhiteSquareTexture.uasset" 205
"../../../Engine/Content/EngineMaterials/Widget3DPassThrough.uasset" 206
"../../../Engine/Content/EngineMaterials/Widget3DPassThrough_Masked.uasset" 207
"../../../Engine/Content/EngineMaterials/Widget3DPassThrough_Opaque.uasset" 208
"../../../Engine/Content/EngineMaterials/Widget3DPassThrough_Masked_OneSided.uasset" 209
"../../../Engine/Content/EngineMaterials/Widget3DPassThrough_Opaque_OneSided.uasset" 210
"../../../Engine/Content/EngineMaterials/Widget3DPassThrough_Translucent.uasset" 211
"../../../Engine/Content/EngineMaterials/Widget3DPassThrough_Translucent_OneSided.uasset" 212
"../../../Engine/Content/EngineMeshes/Cube.uasset" 213
"../../../Engine/Content/EngineMeshes/Cylinder.uasset" 214
"../../../Engine/Content/EngineMeshes/Sphere.uasset" 215
"../../../Engine/Content/EngineResources/Black.uasset" 216
"../../../Engine/Content/EngineResources/DefaultTexture.uasset" 217
"../../../Engine/Content/EngineResources/DefaultTextureCube.uasset" 218
"../../../Engine/Content/EngineResources/DefaultVolumeTexture2D.uasset" 219
"../../../Engine/Content/EngineResources/DefaultVolumeTexture.uasset" 220
"../../../Engine/Content/EngineResources/GradientTexture0.uasset" 221
"../../../Engine/Content/EngineSounds/Master.uasset" 222
"../../../Engine/Content/Functions/Engine_MaterialFunctions01/Shading/ConvertFromDiffSpec.uasset" 223
"../../../Engine/Content/Functions/Engine_MaterialFunctions01/Shading/PowerToRoughness.uasset" 224
"../../../Engine/Content/Maps/Templates/Thumbnails/Default.uasset" 225
"../../../Engine/Content/Maps/Templates/Thumbnails/VR-Basic.uasset" 226
"../../../Engine/Content/MobileResources/T_MobileControls_texture.uasset" 227
"../../../Engine/Content/MobileResources/T_MobileMenu2.uasset" 228
"../../../Engine/Content/MobileResources/HUD/AnalogHat.uasset" 229
"../../../Engine/Content/MobileResources/HUD/VirtualJoystick_Background.uasset" 230
"../../../Engine/Content/MobileResources/HUD/VirtualJoystick_Thumb.uasset" 231
"../../../Engine/Content/MobileResources/HUD/DefaultVirtualJoysticks.uasset" 232
"../../../Engine/Content/MobileResources/HUD/LeftVirtualJoystickOnly.uasset" 233
"../../../Engine/Content/MobileResources/HUD/MobileHUDButton1_off.uasset" 234
"../../../Engine/Content/MobileResources/HUD/MobileHUDButton1_on.uasset" 235
"../../../Engine/Content/MobileResources/HUD/MobileHUDButton2_off.uasset" 236
"../../../Engine/Content/MobileResources/HUD/MobileHUDButton2_on.uasset" 237
"../../../Engine/Content/MobileResources/HUD/MobileHUDButton3.uasset" 238
"../../../Engine/Content/MobileResources/HUD/MobileHUDButtonFire.uasset" 239
"../../../Engine/Content/MobileResources/HUD/MobileHUDDirectionPad.uasset" 240
"../../../Engine/Content/MobileResources/HUD/MobileHUDDirectionPad2.uasset" 241
"../../../Engine/Content/MobileResources/HUD/MobileHUDDirectionPad3.uasset" 242
"../../../Engine/Content/MobileResources/HUD/MobileHUDDirectionStick.uasset" 243
"../../../Engine/Content/MobileResources/HUD/T_Castle_ThumbstickInner.uasset" 244
"../../../Engine/Content/MobileResources/HUD/T_Castle_ThumbstickOutter.uasset" 245
"../../../Engine/Content/Tutorial/ContentIntroCurve.uasset" 246
"../../../Engine/Content/Tutorial/Basics/LevelEditorAttract.uasset" 247
"../../../Engine/Content/Tutorial/Basics/TutorialAssets/icon_tab_Levels_40x.uasset" 248
"../../../Engine/Content/Tutorial/Basics/LevelEditorOverview.uasset" 249
"../../../Engine/Content/Tutorial/BlueprintTutorials/TutorialAssets/Blueprint_64x.uasset" 250
"../../../Engine/Content/Tutorial/BlueprintTutorials/BlueprintEditorTutorial.uasset" 251
"../../../Engine/Content/Tutorial/BlueprintTutorials/LevelBlueprintEditorOverview.uasset" 252
"../../../Engine/Content/Tutorial/SubEditors/StaticMeshEditorTutorial.uasset" 253
"../../../Engine/Content/VREditor/LaserPointer/VR_LaserPower_01.uasset" 254
"../../../Engine/Content/VREditor/TransformGizmo/TransformGizmoMaterial.uasset" 255
"../../../Engine/Content/VREditor/TransformGizmo/TranslucentTransformGizmoMaterial.uasset" 256
"../../../Engine/Content/VREditor/TransformGizmo/BoundingBoxCorner.uasset" 257
"../../../Engine/Content/VREditor/TransformGizmo/BoundingBoxEdge.uasset" 258
"../../../Engine/Content/VREditor/TransformGizmo/PlaneTranslationHandle.uasset" 259
"../../../Engine/Content/VREditor/TransformGizmo/Main.uasset" 260
"../../../Engine/Content/VREditor/TransformGizmo/Xray.uasset" 261
"../../../Engine/Content/VREditor/TransformGizmo/SM_Sequencer_Key.uasset" 262
"../../../Engine/Content/VREditor/TransformGizmo/SM_Sequencer_Node.uasset" 263
"../../Plugins/2D/Paper2D/Content/PlaceholderTextures/DummySpriteTexture.uasset" 264
"../../Plugins/2D/Paper2D/Content/DummySprite.uasset" 265
"../../Plugins/2D/Paper2D/Content/DefaultPaperTerrainMaterial.uasset" 266
"../../Plugins/2D/Paper2D/Content/DummySpriteTexture.uasset" 267
"../../Plugins/2D/Paper2D/Content/DefaultSpriteMaterial.uasset" 268
"../../Plugins/2D/Paper2D/Content/MaskedUnlitSpriteMaterial.uasset" 269
"../../Plugins/2D/Paper2D/Content/OpaqueUnlitSpriteMaterial.uasset" 270
"../../Plugins/Runtime/Oculus/OculusVR/Content/OculusMR_RenderTarget.uasset" 271
"../../../Engine/Content/Functions/Engine_MaterialFunctions02/Utility/BreakOutFloat4Components.uasset" 272
"../../../Engine/Content/Functions/Engine_MaterialFunctions02/Utility/MakeFloat2.uasset" 273
"../../../Engine/Content/Functions/Engine_MaterialFunctions02/Utility/MakeFloat3.uasset" 274
"../../Plugins/Runtime/Oculus/OculusVR/Content/Materials/OculusMR_ChromaKey.uasset" 275
"../../Plugins/Runtime/Oculus/OculusVR/Content/Materials/OculusMR_ChromaKey_Lit.uasset" 276
"../../Plugins/Runtime/Oculus/OculusVR/Content/Materials/OculusMR_OpaqueColoredMaterial.uasset" 277
"../../Plugins/Runtime/Oculus/OculusVR/Content/Materials/OculusMR_WhiteMaterial.uasset" 278
"../../Plugins/Runtime/Oculus/OculusVR/Content/Materials/PokeAHoleMaterial.uasset" 279
"../../Plugins/Runtime/Oculus/OculusVR/Content/Textures/GearVRController_AO.uasset" 280
"../../Plugins/Runtime/Oculus/OculusVR/Content/Textures/GearVRController_Color.uasset" 281
"../../Plugins/Runtime/Oculus/OculusVR/Content/Textures/GearVRController_Normal.uasset" 282
"../../Plugins/Runtime/Oculus/OculusVR/Content/Materials/GearVRControllerMaterial.uasset" 283
"../../Plugins/Runtime/Oculus/OculusVR/Content/Meshes/GearVrController.uasset" 284
"../../Plugins/Runtime/Oculus/OculusVR/Content/Textures/touchController_albedo.uasset" 285
"../../Plugins/Runtime/Oculus/OculusVR/Content/Textures/touchController_controlmap.uasset" 286
"../../Plugins/Runtime/Oculus/OculusVR/Content/Materials/touchController_mat.uasset" 287
"../../Plugins/Runtime/Oculus/OculusVR/Content/Meshes/LeftTouchController.uasset" 288
"../../Plugins/Runtime/Oculus/OculusVR/Content/Meshes/RiftHMD.uasset" 289
"../../Plugins/Runtime/Oculus/OculusVR/Content/Meshes/RightTouchController.uasset" 290
"../../../../../../Users/Neesarg Banglawala/Developer/UE4 Jam/RopeWalk/Content/Assets/Images/StartScreen-BenGame.uasset" 291
"../../../../../../Users/Neesarg Banglawala/Developer/UE4 Jam/RopeWalk/Content/Widgets/MainMenu.uasset" 292
"../../../../../../Users/Neesarg Banglawala/Developer/UE4 Jam/RopeWalk/Content/Levels/GameMenuLevel.umap" 293
"../../../../../../Users/Neesarg Banglawala/Developer/UE4 Jam/RopeWalk/Content/Levels/Neesarg_TestLevel_BuiltData.uasset" 294
"../../../../../../Users/Neesarg Banglawala/Developer/UE4 Jam/RopeWalk/Content/Assets/Models/Canyon.uasset" 295
"../../../../../../Users/Neesarg Banglawala/Developer/UE4 Jam/RopeWalk/Content/Assets/Models/Pipe.uasset" 296
"../../../../../../Users/Neesarg Banglawala/Developer/UE4 Jam/RopeWalk/Content/Assets/Materials/MI_Green.uasset" 297
"../../../../../../Users/Neesarg Banglawala/Developer/UE4 Jam/RopeWalk/Content/Assets/Models/Plant.uasset" 298
"../../../../../../Users/Neesarg Banglawala/Developer/UE4 Jam/RopeWalk/Content/Assets/Models/Rock.uasset" 299
"../../../../../../Users/Neesarg Banglawala/Developer/UE4 Jam/RopeWalk/Content/Effects/Materials/Snow/M_Snow_Blowing_unLit.uasset" 300
"../../../../../../Users/Neesarg Banglawala/Developer/UE4 Jam/RopeWalk/Content/Effects/Materials/Snow/M_Snow_Blowing_unLit_LowBias.uasset" 301
"../../../../../../Users/Neesarg Banglawala/Developer/UE4 Jam/RopeWalk/Content/Effects/Materials/Snow/M_SnowFlake_VelocityLerp.uasset" 302
"../../../../../../Users/Neesarg Banglawala/Developer/UE4 Jam/RopeWalk/Content/Effects/Particles/Snow/P_BlowAcrossGround.uasset" 303
"../../../../../../Users/Neesarg Banglawala/Developer/UE4 Jam/RopeWalk/Content/Sounds/BenFallSFX.uasset" 304
"../../../../../../Users/Neesarg Banglawala/Developer/UE4 Jam/RopeWalk/Content/Sounds/Victory_SFX.uasset" 305
"../../../../../../Users/Neesarg Banglawala/Developer/UE4 Jam/RopeWalk/Content/Sounds/Wind_SFX.uasset" 306
"../../../../../../Users/Neesarg Banglawala/Developer/UE4 Jam/RopeWalk/Content/Levels/Neesarg_TestLevel.umap" 307
"../../../Engine/Content/Maps/Entry_BuiltData.uasset" 308
"../../../Engine/Content/Maps/Entry.umap" 309
